<?xml version="1.0" encoding="UTF-8"?>
<!-- Generated by org.testng.reporters.JUnitReportReporter -->
<testsuite hostname="ADMIN-PC" failures="0" tests="1" name="orangehrm.testcases.AdminLoginTestwithValidInputs" time="5.715" errors="0" timestamp="2024-04-24T09:49:03 IST" skipped="0">
  <testcase classname="orangehrm.testcases.AdminLoginTestwithValidInputs" name="checkAdminLogin" time="5.715"/>
  <system-out/>
</testsuite> <!-- orangehrm.testcases.AdminLoginTestwithValidInputs -->
